# JRE version: OpenJDK Runtime Environment (8.0_275-b01) (build 1.8.0_275-b01)
# Java VM: OpenJDK 64-Bit Server VM (25.275-b01 mixed mode windows-amd64 compressed oops)
Heap:
 PSYoungGen      total 401408K, used 117161K [0x0000000780000000, 0x000000079d180000, 0x00000007c0000000)
  eden space 325120K, 24% used [0x0000000780000000,0x0000000784cdbdc8,0x0000000793d80000)
  from space 76288K, 50% used [0x0000000798600000,0x000000079ab8e658,0x000000079d080000)
  to   space 74240K, 0% used [0x0000000793d80000,0x0000000793d80000,0x0000000798600000)
 ParOldGen       total 183808K, used 142222K [0x0000000700000000, 0x000000070b380000, 0x0000000780000000)
  object space 183808K, 77% used [0x0000000700000000,0x0000000708ae3900,0x000000070b380000)
 Metaspace       used 72893K, capacity 74530K, committed 74752K, reserved 1114112K
  class space    used 9793K, capacity 10143K, committed 10240K, reserved 1048576K
GC Heap History (10 events):
Event: 736.860 GC heap before
{Heap before GC invocations=33 (full 3):
 PSYoungGen      total 308736K, used 277049K [0x0000000780000000, 0x0000000798f00000, 0x00000007c0000000)
  eden space 238080K, 100% used [0x0000000780000000,0x000000078e880000,0x000000078e880000)
  from space 70656K, 55% used [0x000000078e880000,0x0000000790e8e418,0x0000000792d80000)
  to   space 71168K, 0% used [0x0000000794980000,0x0000000794980000,0x0000000798f00000)
 ParOldGen       total 183808K, used 142214K [0x0000000700000000, 0x000000070b380000, 0x0000000780000000)
  object space 183808K, 77% used [0x0000000700000000,0x0000000708ae1900,0x000000070b380000)
 Metaspace       used 72740K, capacity 74332K, committed 74496K, reserved 1114112K
  class space    used 9792K, capacity 10142K, committed 10240K, reserved 1048576K
Event: 736.879 GC heap after
Heap after GC invocations=33 (full 3):
 PSYoungGen      total 331264K, used 39084K [0x0000000780000000, 0x0000000798c80000, 0x00000007c0000000)
  eden space 262656K, 0% used [0x0000000780000000,0x0000000780000000,0x0000000790080000)
  from space 68608K, 56% used [0x0000000794980000,0x0000000796fab1e0,0x0000000798c80000)
  to   space 71680K, 0% used [0x0000000790080000,0x0000000790080000,0x0000000794680000)
 ParOldGen       total 183808K, used 142214K [0x0000000700000000, 0x000000070b380000, 0x0000000780000000)
  object space 183808K, 77% used [0x0000000700000000,0x0000000708ae1900,0x000000070b380000)
 Metaspace       used 72740K, capacity 74332K, committed 74496K, reserved 1114112K
  class space    used 9792K, capacity 10142K, committed 10240K, reserved 1048576K
}
Event: 737.919 GC heap before
{Heap before GC invocations=34 (full 3):
 PSYoungGen      total 331264K, used 301714K [0x0000000780000000, 0x0000000798c80000, 0x00000007c0000000)
  eden space 262656K, 99% used [0x0000000780000000,0x00000007900796e0,0x0000000790080000)
  from space 68608K, 56% used [0x0000000794980000,0x0000000796fab1e0,0x0000000798c80000)
  to   space 71680K, 0% used [0x0000000790080000,0x0000000790080000,0x0000000794680000)
 ParOldGen       total 183808K, used 142214K [0x0000000700000000, 0x000000070b380000, 0x0000000780000000)
  object space 183808K, 77% used [0x0000000700000000,0x0000000708ae1900,0x000000070b380000)
 Metaspace       used 72741K, capacity 74332K, committed 74496K, reserved 1114112K
  class space    used 9792K, capacity 10142K, committed 10240K, reserved 1048576K
Event: 737.938 GC heap after
Heap after GC invocations=34 (full 3):
 PSYoungGen      total 334336K, used 39337K [0x0000000780000000, 0x000000079aa80000, 0x00000007c0000000)
  eden space 262656K, 0% used [0x0000000780000000,0x0000000780000000,0x0000000790080000)
  from space 71680K, 54% used [0x0000000790080000,0x00000007926ea6e8,0x0000000794680000)
  to   space 71680K, 0% used [0x0000000796480000,0x0000000796480000,0x000000079aa80000)
 ParOldGen       total 183808K, used 142214K [0x0000000700000000, 0x000000070b380000, 0x0000000780000000)
  object space 183808K, 77% used [0x0000000700000000,0x0000000708ae1900,0x000000070b380000)
 Metaspace       used 72741K, capacity 74332K, committed 74496K, reserved 1114112K
  class space    used 9792K, capacity 10142K, committed 10240K, reserved 1048576K
}
Event: 738.675 GC heap before
{Heap before GC invocations=35 (full 3):
 PSYoungGen      total 334336K, used 301993K [0x0000000780000000, 0x000000079aa80000, 0x00000007c0000000)
  eden space 262656K, 100% used [0x0000000780000000,0x0000000790080000,0x0000000790080000)
  from space 71680K, 54% used [0x0000000790080000,0x00000007926ea6e8,0x0000000794680000)
  to   space 71680K, 0% used [0x0000000796480000,0x0000000796480000,0x000000079aa80000)
 ParOldGen       total 183808K, used 142214K [0x0000000700000000, 0x000000070b380000, 0x0000000780000000)
  object space 183808K, 77% used [0x0000000700000000,0x0000000708ae1900,0x000000070b380000)
 Metaspace       used 72741K, capacity 74332K, committed 74496K, reserved 1114112K
  class space    used 9793K, capacity 10142K, committed 10240K, reserved 1048576K
Event: 738.695 GC heap after
Heap after GC invocations=35 (full 3):
 PSYoungGen      total 365568K, used 39299K [0x0000000780000000, 0x000000079af00000, 0x00000007c0000000)
  eden space 293888K, 0% used [0x0000000780000000,0x0000000780000000,0x0000000791f00000)
  from space 71680K, 54% used [0x0000000796480000,0x0000000798ae0e90,0x000000079aa80000)
  to   space 71168K, 0% used [0x0000000791f00000,0x0000000791f00000,0x0000000796480000)
 ParOldGen       total 183808K, used 142214K [0x0000000700000000, 0x000000070b380000, 0x0000000780000000)
  object space 183808K, 77% used [0x0000000700000000,0x0000000708ae1900,0x000000070b380000)
 Metaspace       used 72741K, capacity 74332K, committed 74496K, reserved 1114112K
  class space    used 9793K, capacity 10142K, committed 10240K, reserved 1048576K
}
Event: 770.621 GC heap before
{Heap before GC invocations=36 (full 3):
 PSYoungGen      total 365568K, used 326012K [0x0000000780000000, 0x000000079af00000, 0x00000007c0000000)
  eden space 293888K, 97% used [0x0000000780000000,0x00000007917fe208,0x0000000791f00000)
  from space 71680K, 54% used [0x0000000796480000,0x0000000798ae0e90,0x000000079aa80000)
  to   space 71168K, 0% used [0x0000000791f00000,0x0000000791f00000,0x0000000796480000)
 ParOldGen       total 183808K, used 142214K [0x0000000700000000, 0x000000070b380000, 0x0000000780000000)
  object space 183808K, 77% used [0x0000000700000000,0x0000000708ae1900,0x000000070b380000)
 Metaspace       used 72790K, capacity 74460K, committed 74752K, reserved 1114112K
  class space    used 9793K, capacity 10142K, committed 10240K, reserved 1048576K
Event: 770.643 GC heap after
Heap after GC invocations=36 (full 3):
 PSYoungGen      total 365056K, used 54132K [0x0000000780000000, 0x000000079d080000, 0x00000007c0000000)
  eden space 293888K, 0% used [0x0000000780000000,0x0000000780000000,0x0000000791f00000)
  from space 71168K, 76% used [0x0000000791f00000,0x00000007953dd3b0,0x0000000796480000)
  to   space 76288K, 0% used [0x0000000798600000,0x0000000798600000,0x000000079d080000)
 ParOldGen       total 183808K, used 142222K [0x0000000700000000, 0x000000070b380000, 0x0000000780000000)
  object space 183808K, 77% used [0x0000000700000000,0x0000000708ae3900,0x000000070b380000)
 Metaspace       used 72790K, capacity 74460K, committed 74752K, reserved 1114112K
  class space    used 9793K, capacity 10142K, committed 10240K, reserved 1048576K
}
Event: 771.364 GC heap before
{Heap before GC invocations=37 (full 3):
 PSYoungGen      total 365056K, used 347788K [0x0000000780000000, 0x000000079d080000, 0x00000007c0000000)
  eden space 293888K, 99% used [0x0000000780000000,0x0000000791ec5f08,0x0000000791f00000)
  from space 71168K, 76% used [0x0000000791f00000,0x00000007953dd3b0,0x0000000796480000)
  to   space 76288K, 0% used [0x0000000798600000,0x0000000798600000,0x000000079d080000)
 ParOldGen       total 183808K, used 142222K [0x0000000700000000, 0x000000070b380000, 0x0000000780000000)
  object space 183808K, 77% used [0x0000000700000000,0x0000000708ae3900,0x000000070b380000)
 Metaspace       used 72846K, capacity 74530K, committed 74752K, reserved 1114112K
  class space    used 9793K, capacity 10143K, committed 10240K, reserved 1048576K
Event: 771.384 GC heap after
Heap after GC invocations=37 (full 3):
 PSYoungGen      total 401408K, used 38457K [0x0000000780000000, 0x000000079d180000, 0x00000007c0000000)
  eden space 325120K, 0% used [0x0000000780000000,0x0000000780000000,0x0000000793d80000)
  from space 76288K, 50% used [0x0000000798600000,0x000000079ab8e658,0x000000079d080000)
  to   space 74240K, 0% used [0x0000000793d80000,0x0000000793d80000,0x0000000798600000)
 ParOldGen       total 183808K, used 142222K [0x0000000700000000, 0x000000070b380000, 0x0000000780000000)
  object space 183808K, 77% used [0x0000000700000000,0x0000000708ae3900,0x000000070b380000)
 Metaspace       used 72846K, capacity 74530K, committed 74752K, reserved 1114112K
  class space    used 9793K, capacity 10143K, committed 10240K, reserved 1048576K
}

